<?xml version="1.0" encoding="UTF-8"?>
<!-- Generated by org.testng.reporters.JUnitReportReporter -->
<testsuite hostname="Yakesh" failures="0" tests="4" name="com.tests.LoginPage" time="4.188" errors="0" timestamp="2023-01-19T23:56:03 IST" skipped="0">
  <testcase classname="com.tests.LoginPage" name="openBrowser" time="1.571"/>
  <system-out/>
  <testcase classname="com.tests.LoginPage" name="verifyTitle" time="0.012"/>
  <system-out/>
  <testcase classname="com.tests.LoginPage" name="verifyNewUSer" time="0.045"/>
  <system-out/>
  <testcase classname="com.tests.LoginPage" name="verifyLogin" time="2.560"/>
  <system-out/>
</testsuite> <!-- com.tests.LoginPage -->
