<?xml version="1.0" encoding="UTF-8"?>
<!-- Generated by org.testng.reporters.JUnitReportReporter -->
<testsuite skipped="0" hostname="Yakesh" name="com.tests.LoginPage" tests="3" failures="0" timestamp="20 Jan 2023 04:05:10 GMT" time="3.192" errors="0">
  <testcase name="verifyTitle" time="0.011" classname="com.tests.LoginPage"/>
  <testcase name="verifyNewUSer" time="0.037" classname="com.tests.LoginPage"/>
  <testcase name="verifyLogin" time="3.144" classname="com.tests.LoginPage"/>
</testsuite> <!-- com.tests.LoginPage -->
